This is pdfTeX, Version 3.14159265-2.6-1.40.16 (TeX Live 2015) (preloaded format=pdflatex 2015.5.24)  5 APR 2017 17:32
entering extended mode
 restricted \write18 enabled.
 %&-line parsing enabled.
**Report1.tex
(./Report1.tex
LaTeX2e <2015/01/01>
Babel <3.9l> and hyphenation patterns for 79 languages loaded.
(/usr/local/texlive/2015/texmf-dist/tex/latex/base/article.cls
Document Class: article 2014/09/29 v1.4h Standard LaTeX document class
(/usr/local/texlive/2015/texmf-dist/tex/latex/base/size10.clo
File: size10.clo 2014/09/29 v1.4h Standard LaTeX file (size option)
)
\c@part=\count79
\c@section=\count80
\c@subsection=\count81
\c@subsubsection=\count82
\c@paragraph=\count83
\c@subparagraph=\count84
\c@figure=\count85
\c@table=\count86
\abovecaptionskip=\skip41
\belowcaptionskip=\skip42
\bibindent=\dimen102
)
(/usr/local/texlive/2015/texmf-dist/tex/latex/amsfonts/amssymb.sty
Package: amssymb 2013/01/14 v3.01 AMS font symbols

(/usr/local/texlive/2015/texmf-dist/tex/latex/amsfonts/amsfonts.sty
Package: amsfonts 2013/01/14 v3.01 Basic AMSFonts support
\@emptytoks=\toks14
\symAMSa=\mathgroup4
\symAMSb=\mathgroup5
LaTeX Font Info:    Overwriting math alphabet `\mathfrak' in version `bold'
(Font)                  U/euf/m/n --> U/euf/b/n on input line 106.
))
(/usr/local/texlive/2015/texmf-dist/tex/latex/amscls/amsthm.sty
Package: amsthm 2015/03/04 v2.20.2
\thm@style=\toks15
\thm@bodyfont=\toks16
\thm@headfont=\toks17
\thm@notefont=\toks18
\thm@headpunct=\toks19
\thm@preskip=\skip43
\thm@postskip=\skip44
\thm@headsep=\skip45
\dth@everypar=\toks20
)
(/usr/local/texlive/2015/texmf-dist/tex/latex/amsmath/amstext.sty
Package: amstext 2000/06/29 v2.01

(/usr/local/texlive/2015/texmf-dist/tex/latex/amsmath/amsgen.sty
File: amsgen.sty 1999/11/30 v2.0
\@emptytoks=\toks21
\ex@=\dimen103
))
(/usr/local/texlive/2015/texmf-dist/tex/latex/amsmath/amsxtra.sty
Package: amsxtra 1999/11/15 v1.2c

(/usr/local/texlive/2015/texmf-dist/tex/latex/amsmath/amsmath.sty
Package: amsmath 2013/01/14 v2.14 AMS math features
\@mathmargin=\skip46

For additional information on amsmath, use the `?' option.
(/usr/local/texlive/2015/texmf-dist/tex/latex/amsmath/amsbsy.sty
Package: amsbsy 1999/11/29 v1.2d
\pmbraise@=\dimen104
)
(/usr/local/texlive/2015/texmf-dist/tex/latex/amsmath/amsopn.sty
Package: amsopn 1999/12/14 v2.01 operator names
)
\inf@bad=\count87
LaTeX Info: Redefining \frac on input line 210.
\uproot@=\count88
\leftroot@=\count89
LaTeX Info: Redefining \overline on input line 306.
\classnum@=\count90
\DOTSCASE@=\count91
LaTeX Info: Redefining \ldots on input line 378.
LaTeX Info: Redefining \dots on input line 381.
LaTeX Info: Redefining \cdots on input line 466.
\Mathstrutbox@=\box26
\strutbox@=\box27
\big@size=\dimen105
LaTeX Font Info:    Redeclaring font encoding OML on input line 566.
LaTeX Font Info:    Redeclaring font encoding OMS on input line 567.
\macc@depth=\count92
\c@MaxMatrixCols=\count93
\dotsspace@=\muskip10
\c@parentequation=\count94
\dspbrk@lvl=\count95
\tag@help=\toks22
\row@=\count96
\column@=\count97
\maxfields@=\count98
\andhelp@=\toks23
\eqnshift@=\dimen106
\alignsep@=\dimen107
\tagshift@=\dimen108
\tagwidth@=\dimen109
\totwidth@=\dimen110
\lineht@=\dimen111
\@envbody=\toks24
\multlinegap=\skip47
\multlinetaggap=\skip48
\mathdisplay@stack=\toks25
LaTeX Info: Redefining \[ on input line 2665.
LaTeX Info: Redefining \] on input line 2666.
)
LaTeX Info: Redefining \nobreakspace on input line 65.
)
(/usr/local/texlive/2015/texmf-dist/tex/latex/amsmath/amscd.sty
Package: amscd 1999/11/29 v2.0
\athelp@=\toks26
\minaw@=\dimen112
\bigaw@=\dimen113
\minCDarrowwidth=\dimen114
)
(/usr/local/texlive/2015/texmf-dist/tex/latex/graphics/graphicx.sty
Package: graphicx 2014/10/28 v1.0g Enhanced LaTeX Graphics (DPC,SPQR)

(/usr/local/texlive/2015/texmf-dist/tex/latex/graphics/keyval.sty
Package: keyval 2014/10/28 v1.15 key=value parser (DPC)
\KV@toks@=\toks27
)
(/usr/local/texlive/2015/texmf-dist/tex/latex/graphics/graphics.sty
Package: graphics 2014/10/28 v1.0p Standard LaTeX Graphics (DPC,SPQR)

(/usr/local/texlive/2015/texmf-dist/tex/latex/graphics/trig.sty
Package: trig 1999/03/16 v1.09 sin cos tan (DPC)
)
(/usr/local/texlive/2015/texmf-dist/tex/latex/latexconfig/graphics.cfg
File: graphics.cfg 2010/04/23 v1.9 graphics configuration of TeX Live
)
Package graphics Info: Driver file: pdftex.def on input line 94.

(/usr/local/texlive/2015/texmf-dist/tex/latex/pdftex-def/pdftex.def
File: pdftex.def 2011/05/27 v0.06d Graphics/color for pdfTeX

(/usr/local/texlive/2015/texmf-dist/tex/generic/oberdiek/infwarerr.sty
Package: infwarerr 2010/04/08 v1.3 Providing info/warning/error messages (HO)
)
(/usr/local/texlive/2015/texmf-dist/tex/generic/oberdiek/ltxcmds.sty
Package: ltxcmds 2011/11/09 v1.22 LaTeX kernel commands for general use (HO)
)
\Gread@gobject=\count99
))
\Gin@req@height=\dimen115
\Gin@req@width=\dimen116
)
(/usr/local/texlive/2015/texmf-dist/tex/latex/graphics/epsfig.sty
Package: epsfig 1999/02/16 v1.7a (e)psfig emulation (SPQR)
\epsfxsize=\dimen117
\epsfysize=\dimen118
)
(/usr/local/texlive/2015/texmf-dist/tex/latex/apacite/apacite.sty
Package: apacite 2013/07/21 v6.03 APA citation
\c@BibCnt=\count100
\bibleftmargin=\skip49
\bibindent=\skip50
\bibparsep=\skip51
\bibitemsep=\skip52
\biblabelsep=\skip53
)
(/usr/local/texlive/2015/texmf-dist/tex/latex/dirtytalk/dirtytalk.sty
Package: dirtytalk 2010/11/21 A package making "quoting" easier

(/usr/local/texlive/2015/texmf-dist/tex/latex/oberdiek/kvoptions.sty
Package: kvoptions 2011/06/30 v3.11 Key value format for package options (HO)

(/usr/local/texlive/2015/texmf-dist/tex/generic/oberdiek/kvsetkeys.sty
Package: kvsetkeys 2012/04/25 v1.16 Key value parser (HO)

(/usr/local/texlive/2015/texmf-dist/tex/generic/oberdiek/etexcmds.sty
Package: etexcmds 2011/02/16 v1.5 Avoid name clashes with e-TeX commands (HO)

(/usr/local/texlive/2015/texmf-dist/tex/generic/oberdiek/ifluatex.sty
Package: ifluatex 2010/03/01 v1.3 Provides the ifluatex switch (HO)
Package ifluatex Info: LuaTeX not detected.
)
Package etexcmds Info: Could not find \expanded.
(etexcmds)             That can mean that you are not using pdfTeX 1.50 or
(etexcmds)             that some package has redefined \expanded.
(etexcmds)             In the latter case, load this package earlier.
)))
(/usr/local/texlive/2015/texmf-dist/tex/latex/base/ifthen.sty
Package: ifthen 2014/09/29 v1.1c Standard LaTeX ifthen package (DPC)
)
\c@dirtytalk@qdepth=\count101
)
(/usr/local/texlive/2015/texmf-dist/tex/latex/fancyhdr/fancyhdr.sty
\fancy@headwidth=\skip54
\f@ncyO@elh=\skip55
\f@ncyO@erh=\skip56
\f@ncyO@olh=\skip57
\f@ncyO@orh=\skip58
\f@ncyO@elf=\skip59
\f@ncyO@erf=\skip60
\f@ncyO@olf=\skip61
\f@ncyO@orf=\skip62
)
(/usr/local/texlive/2015/texmf-dist/tex/latex/comment/comment.sty
\CommentStream=\write3

Excluding comment 'comment')
(/usr/local/texlive/2015/texmf-dist/tex/latex/graphics/color.sty
Package: color 2014/10/28 v1.1a Standard LaTeX Color (DPC)

(/usr/local/texlive/2015/texmf-dist/tex/latex/latexconfig/color.cfg
File: color.cfg 2007/01/18 v1.5 color configuration of teTeX/TeXLive
)
Package color Info: Driver file: pdftex.def on input line 142.
)
(/usr/local/texlive/2015/texmf-dist/tex/latex/cleveref/cleveref.sty
Package: cleveref 2013/12/28 v0.19 Intelligent cross-referencing
Package cleveref Info: `amsthm' support loaded on input line 2858.
)
(/usr/local/texlive/2015/texmf-dist/tex/latex/listings/listings.sty
\lst@mode=\count102
\lst@gtempboxa=\box28
\lst@token=\toks28
\lst@length=\count103
\lst@currlwidth=\dimen119
\lst@column=\count104
\lst@pos=\count105
\lst@lostspace=\dimen120
\lst@width=\dimen121
\lst@newlines=\count106
\lst@lineno=\count107
\lst@maxwidth=\dimen122

(/usr/local/texlive/2015/texmf-dist/tex/latex/listings/lstmisc.sty
File: lstmisc.sty 2014/09/06 1.5e (Carsten Heinz)
\c@lstnumber=\count108
\lst@skipnumbers=\count109
\lst@framebox=\box29
)
(/usr/local/texlive/2015/texmf-dist/tex/latex/listings/listings.cfg
File: listings.cfg 2014/09/06 1.5e listings configuration
))
Package: listings 2014/09/06 1.5e (Carsten Heinz)

(/usr/local/texlive/2015/texmf-dist/tex/latex/wrapfig/wrapfig.sty
\wrapoverhang=\dimen123
\WF@size=\dimen124
\c@WF@wrappedlines=\count110
\WF@box=\box30
\WF@everypar=\toks29
Package: wrapfig 2003/01/31  v 3.6
)
(/usr/local/texlive/2015/texmf-dist/tex/latex/listings/lstlang1.sty
File: lstlang1.sty 2014/09/06 1.5e listings language file
)
(/usr/local/texlive/2015/texmf-dist/tex/latex/listings/lstlang2.sty
File: lstlang2.sty 2014/09/06 1.5e listings language file
)
(/usr/local/texlive/2015/texmf-dist/tex/latex/listings/lstlang3.sty
File: lstlang3.sty 2014/09/06 1.5e listings language file
)
(./Report1.aux)
\openout1 = `Report1.aux'.

LaTeX Font Info:    Checking defaults for OML/cmm/m/it on input line 53.
LaTeX Font Info:    ... okay on input line 53.
LaTeX Font Info:    Checking defaults for T1/cmr/m/n on input line 53.
LaTeX Font Info:    ... okay on input line 53.
LaTeX Font Info:    Checking defaults for OT1/cmr/m/n on input line 53.
LaTeX Font Info:    ... okay on input line 53.
LaTeX Font Info:    Checking defaults for OMS/cmsy/m/n on input line 53.
LaTeX Font Info:    ... okay on input line 53.
LaTeX Font Info:    Checking defaults for OMX/cmex/m/n on input line 53.
LaTeX Font Info:    ... okay on input line 53.
LaTeX Font Info:    Checking defaults for U/cmr/m/n on input line 53.
LaTeX Font Info:    ... okay on input line 53.

(/usr/local/texlive/2015/texmf-dist/tex/context/base/supp-pdf.mkii
[Loading MPS to PDF converter (version 2006.09.02).]
\scratchcounter=\count111
\scratchdimen=\dimen125
\scratchbox=\box31
\nofMPsegments=\count112
\nofMParguments=\count113
\everyMPshowfont=\toks30
\MPscratchCnt=\count114
\MPscratchDim=\dimen126
\MPnumerator=\count115
\makeMPintoPDFobject=\count116
\everyMPtoPDFconversion=\toks31
) (/usr/local/texlive/2015/texmf-dist/tex/generic/oberdiek/pdftexcmds.sty
Package: pdftexcmds 2011/11/29 v0.20 Utility functions of pdfTeX for LuaTeX (HO
)

(/usr/local/texlive/2015/texmf-dist/tex/generic/oberdiek/ifpdf.sty
Package: ifpdf 2011/01/30 v2.3 Provides the ifpdf switch (HO)
Package ifpdf Info: pdfTeX in PDF mode is detected.
)
Package pdftexcmds Info: LuaTeX not detected.
Package pdftexcmds Info: \pdf@primitive is available.
Package pdftexcmds Info: \pdf@ifprimitive is available.
Package pdftexcmds Info: \pdfdraftmode found.
)
(/usr/local/texlive/2015/texmf-dist/tex/latex/oberdiek/epstopdf-base.sty
Package: epstopdf-base 2010/02/09 v2.5 Base part for package epstopdf

(/usr/local/texlive/2015/texmf-dist/tex/latex/oberdiek/grfext.sty
Package: grfext 2010/08/19 v1.1 Manage graphics extensions (HO)

(/usr/local/texlive/2015/texmf-dist/tex/generic/oberdiek/kvdefinekeys.sty
Package: kvdefinekeys 2011/04/07 v1.3 Define keys (HO)
))
Package grfext Info: Graphics extension search list:
(grfext)             [.png,.pdf,.jpg,.mps,.jpeg,.jbig2,.jb2,.PNG,.PDF,.JPG,.JPE
G,.JBIG2,.JB2,.eps]
(grfext)             \AppendGraphicsExtensions on input line 452.

(/usr/local/texlive/2015/texmf-dist/tex/latex/latexconfig/epstopdf-sys.cfg
File: epstopdf-sys.cfg 2010/07/13 v1.3 Configuration of (r)epstopdf for TeX Liv
e
))
\c@maskedRefs=\count117

(/usr/local/texlive/2015/texmf-dist/tex/latex/apacite/english.apc
File: english.apc 2013/07/21 v6.03 apacite language file
LaTeX Info: Redefining \BPBI on input line 129.
LaTeX Info: Redefining \BHBI on input line 130.
)
\c@lstlisting=\count118
LaTeX Font Info:    Try loading font information for U+msa on input line 55.

(/usr/local/texlive/2015/texmf-dist/tex/latex/amsfonts/umsa.fd
File: umsa.fd 2013/01/14 v3.01 AMS symbols A
)
LaTeX Font Info:    Try loading font information for U+msb on input line 55.

(/usr/local/texlive/2015/texmf-dist/tex/latex/amsfonts/umsb.fd
File: umsb.fd 2013/01/14 v3.01 AMS symbols B
)
<figures/00_prior1.png, id=1, 526.96875pt x 255.95625pt>
File: figures/00_prior1.png Graphic file (type png)

<use figures/00_prior1.png>
Package pdftex.def Info: figures/00_prior1.png used on input line 73.
(pdftex.def)             Requested size: 341.43306pt x 165.84624pt.
 [1

{/usr/local/texlive/2015/texmf-var/fonts/map/pdftex/updmap/pdftex.map} <./figur
es/00_prior1.png>]
<figures/model1_mu2.png, id=19, 437.635pt x 322.20375pt>
File: figures/model1_mu2.png Graphic file (type png)

<use figures/model1_mu2.png>
Package pdftex.def Info: figures/model1_mu2.png used on input line 103.
(pdftex.def)             Requested size: 369.88582pt x 272.32579pt.

<figures/model1_mu.png, id=20, 451.6875pt x 628.3475pt>
File: figures/model1_mu.png Graphic file (type png)

<use figures/model1_mu.png>
Package pdftex.def Info: figures/model1_mu.png used on input line 109.
(pdftex.def)             Requested size: 341.43306pt x 474.9987pt.

<figures/model1_DIC.png, id=21, 423.5825pt x 78.2925pt>
File: figures/model1_DIC.png Graphic file (type png)

<use figures/model1_DIC.png>
Package pdftex.def Info: figures/model1_DIC.png used on input line 116.
(pdftex.def)             Requested size: 341.43306pt x 63.11073pt.
 [2 <./figures/model1_mu2.png>] [3 <./figures/model1_mu.png> <./figures/model1_
DIC.png>]
<figures/model1_sigma.png, id=33, 561.09625pt x 523.9575pt>
File: figures/model1_sigma.png Graphic file (type png)

<use figures/model1_sigma.png>
Package pdftex.def Info: figures/model1_sigma.png used on input line 125.
(pdftex.def)             Requested size: 398.33858pt x 371.97246pt.

<figures/model1_sigma2.png, id=34, 556.0775pt x 117.43875pt>
File: figures/model1_sigma2.png Graphic file (type png)

<use figures/model1_sigma2.png>
Package pdftex.def Info: figures/model1_sigma2.png used on input line 130.
(pdftex.def)             Requested size: 398.33858pt x 84.12753pt.
 [4 <./figures/model1_sigma.png> <./figures/model1_sigma2.png>] <figures/model2
_mu2.png, id=40, 785.93625pt x 533.995pt>
File: figures/model2_mu2.png Graphic file (type png)

<use figures/model2_mu2.png>
Package pdftex.def Info: figures/model2_mu2.png used on input line 165.
(pdftex.def)             Requested size: 398.33858pt x 270.65533pt.

<figures/model2_mu.png, id=41, 490.83376pt x 651.43375pt>
File: figures/model2_mu.png Graphic file (type png)

<use figures/model2_mu.png>
Package pdftex.def Info: figures/model2_mu.png used on input line 171.
(pdftex.def)             Requested size: 398.33858pt x 528.6922pt.
 [5 <./figures/model2_mu2.png>]
<figures/model2_DIC.png, id=46, 420.57124pt x 79.29625pt>
File: figures/model2_DIC.png Graphic file (type png)

<use figures/model2_DIC.png>
Package pdftex.def Info: figures/model2_DIC.png used on input line 179.
(pdftex.def)             Requested size: 341.43306pt x 64.37599pt.

<figures/model2_ultima.png, id=47, 558.085pt x 74.2775pt>
File: figures/model2_ultima.png Graphic file (type png)

<use figures/model2_ultima.png>
Package pdftex.def Info: figures/model2_ultima.png used on input line 186.
(pdftex.def)             Requested size: 341.43306pt x 45.44408pt.

<figures/model2_ultima2.png, id=48, 572.1375pt x 70.2625pt>
File: figures/model2_ultima2.png Graphic file (type png)

<use figures/model2_ultima2.png>
Package pdftex.def Info: figures/model2_ultima2.png used on input line 190.
(pdftex.def)             Requested size: 341.43306pt x 41.93053pt.

<figures/model2_sigma.png, id=49, 443.6575pt x 584.1825pt>
File: figures/model2_sigma.png Graphic file (type png)

<use figures/model2_sigma.png>
Package pdftex.def Info: figures/model2_sigma.png used on input line 194.
(pdftex.def)             Requested size: 341.43306pt x 449.57231pt.
 [6 <./figures/model2_mu.png> <./figures/model2_DIC.png>] [7 <./figures/model2_
ultima.png> <./figures/model2_ultima2.png> <./figures/model2_sigma.png>]
<figures/model2_tau.png, id=62, 470.75874pt x 599.23875pt>
File: figures/model2_tau.png Graphic file (type png)

<use figures/model2_tau.png>
Package pdftex.def Info: figures/model2_tau.png used on input line 200.
(pdftex.def)             Requested size: 312.9803pt x 398.39732pt.

<figures/model2_tau2.png, id=63, 767.86874pt x 549.05125pt>
File: figures/model2_tau2.png Graphic file (type png)

<use figures/model2_tau2.png>
Package pdftex.def Info: figures/model2_tau2.png used on input line 204.
(pdftex.def)             Requested size: 312.9803pt x 223.79715pt.
 [8 <./figures/model2_tau.png> <./figures/model2_tau2.png>] <figures/model3_mu2
.png, id=69, 812.03375pt x 552.0625pt>
File: figures/model3_mu2.png Graphic file (type png)

<use figures/model3_mu2.png>
Package pdftex.def Info: figures/model3_mu2.png used on input line 232.
(pdftex.def)             Requested size: 398.33858pt x 270.80782pt.

<figures/model3_mu.png, id=70, 463.7325pt x 620.3175pt>
File: figures/model3_mu.png Graphic file (type png)

<use figures/model3_mu.png>
Package pdftex.def Info: figures/model3_mu.png used on input line 237.
(pdftex.def)             Requested size: 398.33858pt x 532.85689pt.
 [9 <./figures/model3_mu2.png>]
<figures/model3_DIC.png, id=75, 433.62pt x 84.315pt>
File: figures/model3_DIC.png Graphic file (type png)

<use figures/model3_DIC.png>
Package pdftex.def Info: figures/model3_DIC.png used on input line 245.
(pdftex.def)             Requested size: 341.43306pt x 66.39325pt.
 [10 <./figures/model3_mu.png> <./figures/model3_DIC.png>] <figures/model3_ulti
ma.png, id=81, 551.05875pt x 71.26625pt>
File: figures/model3_ultima.png Graphic file (type png)

<use figures/model3_ultima.png>
Package pdftex.def Info: figures/model3_ultima.png used on input line 252.
(pdftex.def)             Requested size: 341.43306pt x 44.15741pt.

<figures/model3_ultima2.png, id=82, 561.09625pt x 74.2775pt>
File: figures/model3_ultima2.png Graphic file (type png)

<use figures/model3_ultima2.png>
Package pdftex.def Info: figures/model3_ultima2.png used on input line 257.
(pdftex.def)             Requested size: 341.43306pt x 45.19812pt.

<figures/model3_sigma.png, id=83, 462.72874pt x 608.2725pt>
File: figures/model3_sigma.png Graphic file (type png)

<use figures/model3_sigma.png>
Package pdftex.def Info: figures/model3_sigma.png used on input line 263.
(pdftex.def)             Requested size: 341.43306pt x 448.83377pt.

<figures/model3_tau.png, id=84, 467.7475pt x 587.19376pt>
File: figures/model3_tau.png Graphic file (type png)

<use figures/model3_tau.png>
Package pdftex.def Info: figures/model3_tau.png used on input line 269.
(pdftex.def)             Requested size: 341.43306pt x 428.64787pt.

<figures/model3_tau2.png, id=85, 751.80875pt x 519.9425pt>
File: figures/model3_tau2.png Graphic file (type png)

<use figures/model3_tau2.png>
Package pdftex.def Info: figures/model3_tau2.png used on input line 274.
(pdftex.def)             Requested size: 284.52756pt x 196.7789pt.
 [11 <./figures/model3_ultima.png> <./figures/model3_ultima2.png> <./figures/mo
del3_sigma.png>]

LaTeX Warning: Text page 12 contains only floats.

[12 <./figures/model3_tau.png> <./figures/model3_tau2.png>]
<figures/model3_sensitivity.png, id=97, 517.935pt x 655.44875pt>
File: figures/model3_sensitivity.png Graphic file (type png)

<use figures/model3_sensitivity.png>
Package pdftex.def Info: figures/model3_sensitivity.png used on input line 286.

(pdftex.def)             Requested size: 426.79134pt x 540.1318pt.

<figures/model3_sensitivity2.png, id=98, 524.96124pt x 650.43pt>
File: figures/model3_sensitivity2.png Graphic file (type png)

<use figures/model3_sensitivity2.png>
Package pdftex.def Info: figures/model3_sensitivity2.png used on input line 291
.
(pdftex.def)             Requested size: 426.79134pt x 528.81052pt.
 [13 <./figures/model3_sensitivity.png>]
[14 <./figures/model3_sensitivity2.png>]
LaTeX Font Info:    Try loading font information for OMS+cmr on input line 306.


(/usr/local/texlive/2015/texmf-dist/tex/latex/base/omscmr.fd
File: omscmr.fd 2014/09/29 v2.5h Standard LaTeX font definitions
)
LaTeX Font Info:    Font shape `OMS/cmr/m/n' in size <10> not available
(Font)              Font shape `OMS/cmsy/m/n' tried instead on input line 306.
 [15]
<figures/model1_pospred.png, id=117, 504.88625pt x 617.30624pt>
File: figures/model1_pospred.png Graphic file (type png)

<use figures/model1_pospred.png>
Package pdftex.def Info: figures/model1_pospred.png used on input line 335.
(pdftex.def)             Requested size: 398.33858pt x 487.03549pt.
 [16 <./figures/model1_pospred.png>]
<figures/model2_posmixpred.png, id=122, 517.935pt x 550.055pt>
File: figures/model2_posmixpred.png Graphic file (type png)

<use figures/model2_posmixpred.png>
Package pdftex.def Info: figures/model2_posmixpred.png used on input line 344.
(pdftex.def)             Requested size: 287.373pt x 305.20859pt.

<figures/model2_pospred.png, id=123, 506.89375pt x 553.06625pt>
File: figures/model2_pospred.png Graphic file (type png)

<use figures/model2_pospred.png>
Package pdftex.def Info: figures/model2_pospred.png used on input line 349.
(pdftex.def)             Requested size: 287.373pt x 313.55478pt.
 [17 <./figures/model2_posmixpred.png> <./figures/model2_pospred.png>]
<figures/model3_posmixpred.png, id=129, 485.815pt x 512.91624pt>
File: figures/model3_posmixpred.png Graphic file (type png)

<use figures/model3_posmixpred.png>
Package pdftex.def Info: figures/model3_posmixpred.png used on input line 357.
(pdftex.def)             Requested size: 295.90848pt x 312.40886pt.

<figures/model3_pospred.png, id=130, 489.83pt x 515.9275pt>
File: figures/model3_pospred.png Graphic file (type png)

<use figures/model3_pospred.png>
Package pdftex.def Info: figures/model3_pospred.png used on input line 362.
(pdftex.def)             Requested size: 295.90848pt x 311.68443pt.
 [18 <./figures/model3_posmixpred.png> <./figures/model3_pospred.png>] <figures
/missing.png, id=136, 632.3625pt x 419.5675pt>
File: figures/missing.png Graphic file (type png)

<use figures/missing.png>
Package pdftex.def Info: figures/missing.png used on input line 392.
(pdftex.def)             Requested size: 341.43306pt x 226.54387pt.
 [19 <./figures/missing.png>]
<figures/missing2.png, id=143, 631.35875pt x 421.575pt>
File: figures/missing2.png Graphic file (type png)

<use figures/missing2.png>
Package pdftex.def Info: figures/missing2.png used on input line 401.
(pdftex.def)             Requested size: 341.43306pt x 227.98804pt.
 [20 <./figures/missing2.png>]
<figures/model3_tau3_hyperpars.png, id=148, 475.7775pt x 399.4925pt>
File: figures/model3_tau3_hyperpars.png Graphic file (type png)

<use figures/model3_tau3_hyperpars.png>
Package pdftex.def Info: figures/model3_tau3_hyperpars.png used on input line 4
37.
(pdftex.def)             Requested size: 455.24408pt x 382.271pt.

Overfull \hbox (2.6536pt too wide) in paragraph at lines 440--441
\OT1/cmr/m/n/10 and vari-ance). Equiv-a-lently, $\OML/cmm/m/it/10 par[]$ \OT1/c
mr/m/n/10 can be ap-prox-i-mated with a log-nor-mal dis-tri-bu-tion $\OML/cmm/m
/it/10 lognormal\OT1/cmr/m/n/10 (101\OML/cmm/m/it/10 :\OT1/cmr/m/n/10 02\OML/cm
m/m/it/10 ; \OT1/cmr/m/n/10 72\OML/cmm/m/it/10 :\OT1/cmr/m/n/10 83)$ 
 []

[21 <./figures/model3_tau3_hyperpars.png>]
<figures/model4_sigma.png, id=153, 593.21625pt x 586.19pt>
File: figures/model4_sigma.png Graphic file (type png)

<use figures/model4_sigma.png>
Package pdftex.def Info: figures/model4_sigma.png used on input line 451.
(pdftex.def)             Requested size: 455.24408pt x 449.86502pt.
 [22 <./figures/model4_sigma.png>]
<figures/model4_sigma2.png, id=158, 451.6875pt x 496.85625pt>
File: figures/model4_sigma2.png Graphic file (type png)

<use figures/model4_sigma2.png>
Package pdftex.def Info: figures/model4_sigma2.png used on input line 460.
(pdftex.def)             Requested size: 398.33858pt x 438.19768pt.

<figures/model4_ultima.png, id=159, 440.64626pt x 196.735pt>
File: figures/model4_ultima.png Graphic file (type png)

<use figures/model4_ultima.png>
Package pdftex.def Info: figures/model4_ultima.png used on input line 466.
(pdftex.def)             Requested size: 341.43306pt x 152.44402pt.
 [23 <./figures/model4_sigma2.png> <./figures/model4_ultima.png>] <figures/mode
l5_sigma.png, id=165, 456.70625pt x 461.725pt>
File: figures/model5_sigma.png Graphic file (type png)

<use figures/model5_sigma.png>
Package pdftex.def Info: figures/model5_sigma.png used on input line 476.
(pdftex.def)             Requested size: 455.24408pt x 460.25844pt.
 [24 <./figures/model5_sigma.png>]
<figures/model5_sigma2.png, id=170, 466.74374pt x 511.9125pt>
File: figures/model5_sigma2.png Graphic file (type png)

<use figures/model5_sigma2.png>
Package pdftex.def Info: figures/model5_sigma2.png used on input line 486.
(pdftex.def)             Requested size: 398.33858pt x 436.90863pt.

<figures/model5_ultima.png, id=171, 558.085pt x 277.035pt>
File: figures/model5_ultima.png Graphic file (type png)

<use figures/model5_ultima.png>
Package pdftex.def Info: figures/model5_ultima.png used on input line 491.
(pdftex.def)             Requested size: 341.43306pt x 169.49413pt.
 [25 <./figures/model5_sigma2.png> <./figures/model5_ultima.png>]
<figures/model4_Sensitivity.png, id=178, 628.3475pt x 617.30624pt>
File: figures/model4_Sensitivity.png Graphic file (type png)

<use figures/model4_Sensitivity.png>
Package pdftex.def Info: figures/model4_Sensitivity.png used on input line 502.

(pdftex.def)             Requested size: 341.43306pt x 335.43149pt.
 [26 <./figures/model4_Sensitivity.png>]
LaTeX Font Info:    Try loading font information for OML+cmr on input line 520.


(/usr/local/texlive/2015/texmf-dist/tex/latex/base/omlcmr.fd
File: omlcmr.fd 2014/09/29 v2.5h Standard LaTeX font definitions
)
LaTeX Font Info:    Font shape `OML/cmr/m/n' in size <10> not available
(Font)              Font shape `OML/cmm/m/it' tried instead on input line 520.

Overfull \hbox (2.4688pt too wide) in paragraph at lines 529--530
[][][][][][][][][][][][][][][][][][][][][][][][][][][][][][][][][][][][][][][][
][][][][][][][][][][][][][][][][][][]  
 []

[27]
Overfull \hbox (2.4688pt too wide) in paragraph at lines 566--567
[][][][][][][][][][][][][][][][][][][][][][][][][][][][][][][][][][][][][][][][
][][][][][][][][][][][][][][][][][][]  
 []


Overfull \hbox (3.612pt too wide) in paragraph at lines 571--572
[][][][][][][][][][][][][][][][][][][][][][][][][][][][][][][][][][][][][][][][
][][][][]  
 []

[28]
Overfull \hbox (2.4688pt too wide) in paragraph at lines 607--608
[][][][][][][][][][][][][][][][][][][][][][][][][][][][][][][][][][][][][][][][
][][][][][][][][][][][][][][][][][][]  
 []

[29]
Overfull \hbox (3.612pt too wide) in paragraph at lines 612--613
[][][][][][][][][][][][][][][][][][][][][][][][][][][][][][][][][][][][][][][][
][][][][]  
 []

[30]
No file Report1.bbl.
[31] (./Report1.aux) ) 
Here is how much of TeX's memory you used:
 7069 strings out of 493089
 109237 string characters out of 6134842
 235799 words of memory out of 5000000
 10408 multiletter control sequences out of 15000+600000
 11849 words of font info for 46 fonts, out of 8000000 for 9000
 1141 hyphenation exceptions out of 8191
 37i,12n,48p,624b,1846s stack positions out of 5000i,500n,10000p,200000b,80000s
</usr/local/texlive/2015/texmf-dist/fonts/type1/public/am
sfonts/cm/cmbx10.pfb></usr/local/texlive/2015/texmf-dist/fonts/type1/public/ams
fonts/cm/cmbx12.pfb></usr/local/texlive/2015/texmf-dist/fonts/type1/public/amsf
onts/cmextra/cmex7.pfb></usr/local/texlive/2015/texmf-dist/fonts/type1/public/a
msfonts/cm/cmmi10.pfb></usr/local/texlive/2015/texmf-dist/fonts/type1/public/am
sfonts/cm/cmmi12.pfb></usr/local/texlive/2015/texmf-dist/fonts/type1/public/ams
fonts/cm/cmmi5.pfb></usr/local/texlive/2015/texmf-dist/fonts/type1/public/amsfo
nts/cm/cmmi7.pfb></usr/local/texlive/2015/texmf-dist/fonts/type1/public/amsfont
s/cm/cmmi8.pfb></usr/local/texlive/2015/texmf-dist/fonts/type1/public/amsfonts/
cm/cmr10.pfb></usr/local/texlive/2015/texmf-dist/fonts/type1/public/amsfonts/cm
/cmr12.pfb></usr/local/texlive/2015/texmf-dist/fonts/type1/public/amsfonts/cm/c
mr17.pfb></usr/local/texlive/2015/texmf-dist/fonts/type1/public/amsfonts/cm/cmr
5.pfb></usr/local/texlive/2015/texmf-dist/fonts/type1/public/amsfonts/cm/cmr6.p
fb></usr/local/texlive/2015/texmf-dist/fonts/type1/public/amsfonts/cm/cmr7.pfb>
</usr/local/texlive/2015/texmf-dist/fonts/type1/public/amsfonts/cm/cmr8.pfb></u
sr/local/texlive/2015/texmf-dist/fonts/type1/public/amsfonts/cm/cmsy10.pfb></us
r/local/texlive/2015/texmf-dist/fonts/type1/public/amsfonts/cm/cmsy5.pfb></usr/
local/texlive/2015/texmf-dist/fonts/type1/public/amsfonts/cm/cmsy7.pfb></usr/lo
cal/texlive/2015/texmf-dist/fonts/type1/public/amsfonts/cm/cmti10.pfb>
Output written on Report1.pdf (31 pages, 2100625 bytes).
PDF statistics:
 260 PDF objects out of 1000 (max. 8388607)
 128 compressed objects within 2 object streams
 0 named destinations out of 1000 (max. 500000)
 196 words of extra memory for PDF output out of 10000 (max. 10000000)

