This is pdfTeX, Version 3.14159265-2.6-1.40.16 (TeX Live 2015) (preloaded format=pdflatex 2015.5.24)  15 MAR 2017 19:48
entering extended mode
 restricted \write18 enabled.
 %&-line parsing enabled.
**Report1.tex
(./Report1.tex
LaTeX2e <2015/01/01>
Babel <3.9l> and hyphenation patterns for 79 languages loaded.
(/usr/local/texlive/2015/texmf-dist/tex/latex/base/article.cls
Document Class: article 2014/09/29 v1.4h Standard LaTeX document class
(/usr/local/texlive/2015/texmf-dist/tex/latex/base/size10.clo
File: size10.clo 2014/09/29 v1.4h Standard LaTeX file (size option)
)
\c@part=\count79
\c@section=\count80
\c@subsection=\count81
\c@subsubsection=\count82
\c@paragraph=\count83
\c@subparagraph=\count84
\c@figure=\count85
\c@table=\count86
\abovecaptionskip=\skip41
\belowcaptionskip=\skip42
\bibindent=\dimen102
)
(/usr/local/texlive/2015/texmf-dist/tex/latex/amsfonts/amssymb.sty
Package: amssymb 2013/01/14 v3.01 AMS font symbols

(/usr/local/texlive/2015/texmf-dist/tex/latex/amsfonts/amsfonts.sty
Package: amsfonts 2013/01/14 v3.01 Basic AMSFonts support
\@emptytoks=\toks14
\symAMSa=\mathgroup4
\symAMSb=\mathgroup5
LaTeX Font Info:    Overwriting math alphabet `\mathfrak' in version `bold'
(Font)                  U/euf/m/n --> U/euf/b/n on input line 106.
))
(/usr/local/texlive/2015/texmf-dist/tex/latex/amscls/amsthm.sty
Package: amsthm 2015/03/04 v2.20.2
\thm@style=\toks15
\thm@bodyfont=\toks16
\thm@headfont=\toks17
\thm@notefont=\toks18
\thm@headpunct=\toks19
\thm@preskip=\skip43
\thm@postskip=\skip44
\thm@headsep=\skip45
\dth@everypar=\toks20
)
(/usr/local/texlive/2015/texmf-dist/tex/latex/amsmath/amstext.sty
Package: amstext 2000/06/29 v2.01

(/usr/local/texlive/2015/texmf-dist/tex/latex/amsmath/amsgen.sty
File: amsgen.sty 1999/11/30 v2.0
\@emptytoks=\toks21
\ex@=\dimen103
))
(/usr/local/texlive/2015/texmf-dist/tex/latex/amsmath/amsxtra.sty
Package: amsxtra 1999/11/15 v1.2c

(/usr/local/texlive/2015/texmf-dist/tex/latex/amsmath/amsmath.sty
Package: amsmath 2013/01/14 v2.14 AMS math features
\@mathmargin=\skip46

For additional information on amsmath, use the `?' option.
(/usr/local/texlive/2015/texmf-dist/tex/latex/amsmath/amsbsy.sty
Package: amsbsy 1999/11/29 v1.2d
\pmbraise@=\dimen104
)
(/usr/local/texlive/2015/texmf-dist/tex/latex/amsmath/amsopn.sty
Package: amsopn 1999/12/14 v2.01 operator names
)
\inf@bad=\count87
LaTeX Info: Redefining \frac on input line 210.
\uproot@=\count88
\leftroot@=\count89
LaTeX Info: Redefining \overline on input line 306.
\classnum@=\count90
\DOTSCASE@=\count91
LaTeX Info: Redefining \ldots on input line 378.
LaTeX Info: Redefining \dots on input line 381.
LaTeX Info: Redefining \cdots on input line 466.
\Mathstrutbox@=\box26
\strutbox@=\box27
\big@size=\dimen105
LaTeX Font Info:    Redeclaring font encoding OML on input line 566.
LaTeX Font Info:    Redeclaring font encoding OMS on input line 567.
\macc@depth=\count92
\c@MaxMatrixCols=\count93
\dotsspace@=\muskip10
\c@parentequation=\count94
\dspbrk@lvl=\count95
\tag@help=\toks22
\row@=\count96
\column@=\count97
\maxfields@=\count98
\andhelp@=\toks23
\eqnshift@=\dimen106
\alignsep@=\dimen107
\tagshift@=\dimen108
\tagwidth@=\dimen109
\totwidth@=\dimen110
\lineht@=\dimen111
\@envbody=\toks24
\multlinegap=\skip47
\multlinetaggap=\skip48
\mathdisplay@stack=\toks25
LaTeX Info: Redefining \[ on input line 2665.
LaTeX Info: Redefining \] on input line 2666.
)
LaTeX Info: Redefining \nobreakspace on input line 65.
)
(/usr/local/texlive/2015/texmf-dist/tex/latex/amsmath/amscd.sty
Package: amscd 1999/11/29 v2.0
\athelp@=\toks26
\minaw@=\dimen112
\bigaw@=\dimen113
\minCDarrowwidth=\dimen114
)
(/usr/local/texlive/2015/texmf-dist/tex/latex/graphics/graphicx.sty
Package: graphicx 2014/10/28 v1.0g Enhanced LaTeX Graphics (DPC,SPQR)

(/usr/local/texlive/2015/texmf-dist/tex/latex/graphics/keyval.sty
Package: keyval 2014/10/28 v1.15 key=value parser (DPC)
\KV@toks@=\toks27
)
(/usr/local/texlive/2015/texmf-dist/tex/latex/graphics/graphics.sty
Package: graphics 2014/10/28 v1.0p Standard LaTeX Graphics (DPC,SPQR)

(/usr/local/texlive/2015/texmf-dist/tex/latex/graphics/trig.sty
Package: trig 1999/03/16 v1.09 sin cos tan (DPC)
)
(/usr/local/texlive/2015/texmf-dist/tex/latex/latexconfig/graphics.cfg
File: graphics.cfg 2010/04/23 v1.9 graphics configuration of TeX Live
)
Package graphics Info: Driver file: pdftex.def on input line 94.

(/usr/local/texlive/2015/texmf-dist/tex/latex/pdftex-def/pdftex.def
File: pdftex.def 2011/05/27 v0.06d Graphics/color for pdfTeX

(/usr/local/texlive/2015/texmf-dist/tex/generic/oberdiek/infwarerr.sty
Package: infwarerr 2010/04/08 v1.3 Providing info/warning/error messages (HO)
)
(/usr/local/texlive/2015/texmf-dist/tex/generic/oberdiek/ltxcmds.sty
Package: ltxcmds 2011/11/09 v1.22 LaTeX kernel commands for general use (HO)
)
\Gread@gobject=\count99
))
\Gin@req@height=\dimen115
\Gin@req@width=\dimen116
)
(/usr/local/texlive/2015/texmf-dist/tex/latex/graphics/epsfig.sty
Package: epsfig 1999/02/16 v1.7a (e)psfig emulation (SPQR)
\epsfxsize=\dimen117
\epsfysize=\dimen118
)
(/usr/local/texlive/2015/texmf-dist/tex/latex/apacite/apacite.sty
Package: apacite 2013/07/21 v6.03 APA citation
\c@BibCnt=\count100
\bibleftmargin=\skip49
\bibindent=\skip50
\bibparsep=\skip51
\bibitemsep=\skip52
\biblabelsep=\skip53
)
(/usr/local/texlive/2015/texmf-dist/tex/latex/dirtytalk/dirtytalk.sty
Package: dirtytalk 2010/11/21 A package making "quoting" easier

(/usr/local/texlive/2015/texmf-dist/tex/latex/oberdiek/kvoptions.sty
Package: kvoptions 2011/06/30 v3.11 Key value format for package options (HO)

(/usr/local/texlive/2015/texmf-dist/tex/generic/oberdiek/kvsetkeys.sty
Package: kvsetkeys 2012/04/25 v1.16 Key value parser (HO)

(/usr/local/texlive/2015/texmf-dist/tex/generic/oberdiek/etexcmds.sty
Package: etexcmds 2011/02/16 v1.5 Avoid name clashes with e-TeX commands (HO)

(/usr/local/texlive/2015/texmf-dist/tex/generic/oberdiek/ifluatex.sty
Package: ifluatex 2010/03/01 v1.3 Provides the ifluatex switch (HO)
Package ifluatex Info: LuaTeX not detected.
)
Package etexcmds Info: Could not find \expanded.
(etexcmds)             That can mean that you are not using pdfTeX 1.50 or
(etexcmds)             that some package has redefined \expanded.
(etexcmds)             In the latter case, load this package earlier.
)))
(/usr/local/texlive/2015/texmf-dist/tex/latex/base/ifthen.sty
Package: ifthen 2014/09/29 v1.1c Standard LaTeX ifthen package (DPC)
)
\c@dirtytalk@qdepth=\count101
)
(/usr/local/texlive/2015/texmf-dist/tex/latex/fancyhdr/fancyhdr.sty
\fancy@headwidth=\skip54
\f@ncyO@elh=\skip55
\f@ncyO@erh=\skip56
\f@ncyO@olh=\skip57
\f@ncyO@orh=\skip58
\f@ncyO@elf=\skip59
\f@ncyO@erf=\skip60
\f@ncyO@olf=\skip61
\f@ncyO@orf=\skip62
)
(/usr/local/texlive/2015/texmf-dist/tex/latex/comment/comment.sty
\CommentStream=\write3

Excluding comment 'comment')
(/usr/local/texlive/2015/texmf-dist/tex/latex/graphics/color.sty
Package: color 2014/10/28 v1.1a Standard LaTeX Color (DPC)

(/usr/local/texlive/2015/texmf-dist/tex/latex/latexconfig/color.cfg
File: color.cfg 2007/01/18 v1.5 color configuration of teTeX/TeXLive
)
Package color Info: Driver file: pdftex.def on input line 142.
)
(/usr/local/texlive/2015/texmf-dist/tex/latex/cleveref/cleveref.sty
Package: cleveref 2013/12/28 v0.19 Intelligent cross-referencing
Package cleveref Info: `amsthm' support loaded on input line 2858.
)
(/usr/local/texlive/2015/texmf-dist/tex/latex/listings/listings.sty
\lst@mode=\count102
\lst@gtempboxa=\box28
\lst@token=\toks28
\lst@length=\count103
\lst@currlwidth=\dimen119
\lst@column=\count104
\lst@pos=\count105
\lst@lostspace=\dimen120
\lst@width=\dimen121
\lst@newlines=\count106
\lst@lineno=\count107
\lst@maxwidth=\dimen122

(/usr/local/texlive/2015/texmf-dist/tex/latex/listings/lstmisc.sty
File: lstmisc.sty 2014/09/06 1.5e (Carsten Heinz)
\c@lstnumber=\count108
\lst@skipnumbers=\count109
\lst@framebox=\box29
)
(/usr/local/texlive/2015/texmf-dist/tex/latex/listings/listings.cfg
File: listings.cfg 2014/09/06 1.5e listings configuration
))
Package: listings 2014/09/06 1.5e (Carsten Heinz)

(/usr/local/texlive/2015/texmf-dist/tex/latex/wrapfig/wrapfig.sty
\wrapoverhang=\dimen123
\WF@size=\dimen124
\c@WF@wrappedlines=\count110
\WF@box=\box30
\WF@everypar=\toks29
Package: wrapfig 2003/01/31  v 3.6
)
(/usr/local/texlive/2015/texmf-dist/tex/latex/listings/lstlang1.sty
File: lstlang1.sty 2014/09/06 1.5e listings language file
)
(/usr/local/texlive/2015/texmf-dist/tex/latex/listings/lstlang2.sty
File: lstlang2.sty 2014/09/06 1.5e listings language file
)
(/usr/local/texlive/2015/texmf-dist/tex/latex/listings/lstlang3.sty
File: lstlang3.sty 2014/09/06 1.5e listings language file
)
(./Report1.aux)
\openout1 = `Report1.aux'.

LaTeX Font Info:    Checking defaults for OML/cmm/m/it on input line 53.
LaTeX Font Info:    ... okay on input line 53.
LaTeX Font Info:    Checking defaults for T1/cmr/m/n on input line 53.
LaTeX Font Info:    ... okay on input line 53.
LaTeX Font Info:    Checking defaults for OT1/cmr/m/n on input line 53.
LaTeX Font Info:    ... okay on input line 53.
LaTeX Font Info:    Checking defaults for OMS/cmsy/m/n on input line 53.
LaTeX Font Info:    ... okay on input line 53.
LaTeX Font Info:    Checking defaults for OMX/cmex/m/n on input line 53.
LaTeX Font Info:    ... okay on input line 53.
LaTeX Font Info:    Checking defaults for U/cmr/m/n on input line 53.
LaTeX Font Info:    ... okay on input line 53.

(/usr/local/texlive/2015/texmf-dist/tex/context/base/supp-pdf.mkii
[Loading MPS to PDF converter (version 2006.09.02).]
\scratchcounter=\count111
\scratchdimen=\dimen125
\scratchbox=\box31
\nofMPsegments=\count112
\nofMParguments=\count113
\everyMPshowfont=\toks30
\MPscratchCnt=\count114
\MPscratchDim=\dimen126
\MPnumerator=\count115
\makeMPintoPDFobject=\count116
\everyMPtoPDFconversion=\toks31
) (/usr/local/texlive/2015/texmf-dist/tex/generic/oberdiek/pdftexcmds.sty
Package: pdftexcmds 2011/11/29 v0.20 Utility functions of pdfTeX for LuaTeX (HO
)

(/usr/local/texlive/2015/texmf-dist/tex/generic/oberdiek/ifpdf.sty
Package: ifpdf 2011/01/30 v2.3 Provides the ifpdf switch (HO)
Package ifpdf Info: pdfTeX in PDF mode is detected.
)
Package pdftexcmds Info: LuaTeX not detected.
Package pdftexcmds Info: \pdf@primitive is available.
Package pdftexcmds Info: \pdf@ifprimitive is available.
Package pdftexcmds Info: \pdfdraftmode found.
)
(/usr/local/texlive/2015/texmf-dist/tex/latex/oberdiek/epstopdf-base.sty
Package: epstopdf-base 2010/02/09 v2.5 Base part for package epstopdf

(/usr/local/texlive/2015/texmf-dist/tex/latex/oberdiek/grfext.sty
Package: grfext 2010/08/19 v1.1 Manage graphics extensions (HO)

(/usr/local/texlive/2015/texmf-dist/tex/generic/oberdiek/kvdefinekeys.sty
Package: kvdefinekeys 2011/04/07 v1.3 Define keys (HO)
))
Package grfext Info: Graphics extension search list:
(grfext)             [.png,.pdf,.jpg,.mps,.jpeg,.jbig2,.jb2,.PNG,.PDF,.JPG,.JPE
G,.JBIG2,.JB2,.eps]
(grfext)             \AppendGraphicsExtensions on input line 452.

(/usr/local/texlive/2015/texmf-dist/tex/latex/latexconfig/epstopdf-sys.cfg
File: epstopdf-sys.cfg 2010/07/13 v1.3 Configuration of (r)epstopdf for TeX Liv
e
))
\c@maskedRefs=\count117

(/usr/local/texlive/2015/texmf-dist/tex/latex/apacite/english.apc
File: english.apc 2013/07/21 v6.03 apacite language file
LaTeX Info: Redefining \BPBI on input line 129.
LaTeX Info: Redefining \BHBI on input line 130.
)
\c@lstlisting=\count118
LaTeX Font Info:    Try loading font information for U+msa on input line 55.

(/usr/local/texlive/2015/texmf-dist/tex/latex/amsfonts/umsa.fd
File: umsa.fd 2013/01/14 v3.01 AMS symbols A
)
LaTeX Font Info:    Try loading font information for U+msb on input line 55.

(/usr/local/texlive/2015/texmf-dist/tex/latex/amsfonts/umsb.fd
File: umsb.fd 2013/01/14 v3.01 AMS symbols B
) [1

{/usr/local/texlive/2015/texmf-var/fonts/map/pdftex/updmap/pdftex.map}]
LaTeX Font Info:    Try loading font information for OMS+cmr on input line 102.


(/usr/local/texlive/2015/texmf-dist/tex/latex/base/omscmr.fd
File: omscmr.fd 2014/09/29 v2.5h Standard LaTeX font definitions
)
LaTeX Font Info:    Font shape `OMS/cmr/m/n' in size <10> not available
(Font)              Font shape `OMS/cmsy/m/n' tried instead on input line 102.

<p1.png, id=16, 655.44875pt x 247.92625pt>
File: p1.png Graphic file (type png)
 <use p1.png>
Package pdftex.def Info: p1.png used on input line 125.
(pdftex.def)             Requested size: 455.25052pt x 142.26518pt.
 [2] [3 <./p1.png>]
<p2.png, id=27, 424.58624pt x 307.1475pt>
File: p2.png Graphic file (type png)
 <use p2.png>
Package pdftex.def Info: p2.png used on input line 151.
(pdftex.def)             Requested size: 256.0883pt x 170.71727pt.
 [4 <./p2.png>]
Missing character: There is no â in font cmr10!
Missing character: There is no € in font cmr10!
Missing character: There is no ™ in font cmr10!

<pooled_2pars_pred.png, id=33, 1505.625pt x 903.375pt>
File: pooled_2pars_pred.png Graphic file (type png)

<use pooled_2pars_pred.png>
Package pdftex.def Info: pooled_2pars_pred.png used on input line 178.
(pdftex.def)             Requested size: 235.73624pt x 141.44147pt.

Overfull \hbox (2.2222pt too wide) in paragraph at lines 177--183
$[]$ $[]$ 
 []

<pooled_2pars_rhat.png, id=34, 1204.5pt x 451.6875pt>
File: pooled_2pars_rhat.png Graphic file (type png)

<use pooled_2pars_rhat.png>
Package pdftex.def Info: pooled_2pars_rhat.png used on input line 186.
(pdftex.def)             Requested size: 235.73624pt x 88.39919pt.

Overfull \hbox (2.2222pt too wide) in paragraph at lines 185--191
$[]$ $[]$ 
 []

<pooled_2pars_dens.png, id=35, 2409.0pt x 451.6875pt>
File: pooled_2pars_dens.png Graphic file (type png)

<use pooled_2pars_dens.png>
Package pdftex.def Info: pooled_2pars_dens.png used on input line 198.
(pdftex.def)             Requested size: 369.88582pt x 69.34918pt.
 <p01.png, id=36, 527.9725pt x 154.5775pt>
File: p01.png Graphic file (type png)

<use p01.png>
Package pdftex.def Info: p01.png used on input line 203.
(pdftex.def)             Requested size: 256.0748pt x 74.97234pt.
 [5 <./pooled_2pars_pred.png> <./pooled_2pars_rhat.png> <./pooled_2pars_dens.pn
g> <./p01.png>]
<pooled_3pars_pred.png, id=46, 1505.625pt x 903.375pt>
File: pooled_3pars_pred.png Graphic file (type png)

<use pooled_3pars_pred.png>
Package pdftex.def Info: pooled_3pars_pred.png used on input line 211.
(pdftex.def)             Requested size: 235.73624pt x 141.44147pt.

Overfull \hbox (2.2222pt too wide) in paragraph at lines 210--216
$[]$ $[]$ 
 []

<pooled_3pars_rhat.png, id=47, 1053.9375pt x 451.6875pt>
File: pooled_3pars_rhat.png Graphic file (type png)

<use pooled_3pars_rhat.png>
Package pdftex.def Info: pooled_3pars_rhat.png used on input line 220.
(pdftex.def)             Requested size: 235.73624pt x 101.02568pt.

Overfull \hbox (2.2222pt too wide) in paragraph at lines 219--225
$[]$ $[]$ 
 []

<pooled_3pars_dens.png, id=48, 2409.0pt x 451.6875pt>
File: pooled_3pars_dens.png Graphic file (type png)

<use pooled_3pars_dens.png>
Package pdftex.def Info: pooled_3pars_dens.png used on input line 230.
(pdftex.def)             Requested size: 455.24408pt x 85.35284pt.
 <p02.png, id=49, 533.995pt x 175.65625pt>
File: p02.png Graphic file (type png)

<use p02.png>
Package pdftex.def Info: p02.png used on input line 235.
(pdftex.def)             Requested size: 284.52756pt x 93.59857pt.
 [6 <./pooled_3pars_pred.png> <./pooled_3pars_rhat.png> <./pooled_3pars_dens.pn
g> <./p02.png>]
Missing character: There is no â in font cmr10!
Missing character: There is no € in font cmr10!
Missing character: There is no ™ in font cmr10!

<indep_2pars_pred.png, id=57, 2409.0pt x 903.375pt>
File: indep_2pars_pred.png Graphic file (type png)
 <use indep_2pars_pred.png>
Package pdftex.def Info: indep_2pars_pred.png used on input line 255.
(pdftex.def)             Requested size: 398.33858pt x 149.36748pt.

<indep_2pars_rhat.png, id=58, 1204.5pt x 451.6875pt>
File: indep_2pars_rhat.png Graphic file (type png)

<use indep_2pars_rhat.png>
Package pdftex.def Info: indep_2pars_rhat.png used on input line 260.
(pdftex.def)             Requested size: 235.73119pt x 71.12737pt.

Overfull \hbox (2.2222pt too wide) in paragraph at lines 259--265
$[]$ $[]$ 
 []

<indep_2pars_dens.png, id=59, 1204.5pt x 903.375pt>
File: indep_2pars_dens.png Graphic file (type png)
 <use indep_2pars_dens.png>
Package pdftex.def Info: indep_2pars_dens.png used on input line 269.
(pdftex.def)             Requested size: 235.73119pt x 128.02927pt.

<p03.png, id=60, 534.99875pt x 226.8475pt>
File: p03.png Graphic file (type png)
 <use p03.png>
Package pdftex.def Info: p03.png used on input line 272.
(pdftex.def)             Requested size: 235.73486pt x 128.03754pt.

Overfull \hbox (2.2222pt too wide) in paragraph at lines 267--274
[]$ $[]$ 
 []

[7 <./indep_2pars_pred.png> <./indep_2pars_rhat.png> <./indep_2pars_dens.png> <
./p03.png>] <indep_3pars_pred.png, id=69, 2409.0pt x 903.375pt>
File: indep_3pars_pred.png Graphic file (type png)

<use indep_3pars_pred.png>
Package pdftex.def Info: indep_3pars_pred.png used on input line 284.
(pdftex.def)             Requested size: 455.24408pt x 170.70569pt.

<indep_3pars_rhat.png, id=70, 1204.5pt x 451.6875pt>
File: indep_3pars_rhat.png Graphic file (type png)

<use indep_3pars_rhat.png>
Package pdftex.def Info: indep_3pars_rhat.png used on input line 289.
(pdftex.def)             Requested size: 235.73624pt x 88.39919pt.

Overfull \hbox (2.2222pt too wide) in paragraph at lines 288--294
$[]$ $[]$ 
 []

<indep_3pars_dens.png, id=71, 1204.5pt x 903.375pt>
File: indep_3pars_dens.png Graphic file (type png)
 <use indep_3pars_dens.png>
Package pdftex.def Info: indep_3pars_dens.png used on input line 299.
(pdftex.def)             Requested size: 235.73624pt x 176.79839pt.

<p04.png, id=72, 568.1225pt x 277.035pt>
File: p04.png Graphic file (type png)
 <use p04.png>
Package pdftex.def Info: p04.png used on input line 302.
(pdftex.def)             Requested size: 235.73624pt x 114.9547pt.

Overfull \hbox (17.2222pt too wide) in paragraph at lines 298--304
[]$[]$ $[]$ 
 []

[8 <./indep_3pars_pred.png> <./indep_3pars_rhat.png> <./indep_3pars_dens.png> <
./p04.png>]
Missing character: There is no â in font cmr10!
Missing character: There is no € in font cmr10!
Missing character: There is no ™ in font cmr10!
 <hier_2pars_pred.png, id=80, 2409.0pt x 903.375pt>
File: hier_2pars_pred.png Graphic file (type png)

<use hier_2pars_pred.png>
Package pdftex.def Info: hier_2pars_pred.png used on input line 319.
(pdftex.def)             Requested size: 398.33858pt x 149.36748pt.
 <hier_2pars_rhat.png, id=81, 1204.5pt x 451.6875pt>
File: hier_2pars_rhat.png Graphic file (type png)

<use hier_2pars_rhat.png>
Package pdftex.def Info: hier_2pars_rhat.png used on input line 324.
(pdftex.def)             Requested size: 235.73119pt x 71.12737pt.

Overfull \hbox (2.2222pt too wide) in paragraph at lines 323--329
$[]$ $[]$ 
 []

<hier_2pars_dens.png, id=82, 1204.5pt x 903.375pt>
File: hier_2pars_dens.png Graphic file (type png)
 <use hier_2pars_dens.png>
Package pdftex.def Info: hier_2pars_dens.png used on input line 334.
(pdftex.def)             Requested size: 235.73119pt x 113.80379pt.

<p05.png, id=83, 542.025pt x 289.08pt>
File: p05.png Graphic file (type png)
 <use p05.png>
Package pdftex.def Info: p05.png used on input line 337.
(pdftex.def)             Requested size: 235.73761pt x 113.8082pt.

Overfull \hbox (2.2222pt too wide) in paragraph at lines 332--339
[]$ $[]$ 
 []

[9 <./hier_2pars_pred.png> <./hier_2pars_rhat.png> <./hier_2pars_dens.png> <./p
05.png>] <hier_3pars_pred.png, id=91, 2409.0pt x 903.375pt>
File: hier_3pars_pred.png Graphic file (type png)

<use hier_3pars_pred.png>
Package pdftex.def Info: hier_3pars_pred.png used on input line 351.
(pdftex.def)             Requested size: 455.24408pt x 170.70569pt.
 <hier_3pars_rhat.png, id=92, 1204.5pt x 451.6875pt>
File: hier_3pars_rhat.png Graphic file (type png)

<use hier_3pars_rhat.png>
Package pdftex.def Info: hier_3pars_rhat.png used on input line 356.
(pdftex.def)             Requested size: 235.73624pt x 88.39919pt.

Overfull \hbox (2.2222pt too wide) in paragraph at lines 355--361
$[]$ $[]$ 
 []

<hier_3pars_dens.png, id=93, 1204.5pt x 903.375pt>
File: hier_3pars_dens.png Graphic file (type png)
 <use hier_3pars_dens.png>
Package pdftex.def Info: hier_3pars_dens.png used on input line 365.
(pdftex.def)             Requested size: 235.73624pt x 176.79839pt.

<p06.png, id=94, 566.115pt x 378.41376pt>
File: p06.png Graphic file (type png)
 <use p06.png>
Package pdftex.def Info: p06.png used on input line 368.
(pdftex.def)             Requested size: 235.73624pt x 157.57578pt.

Overfull \hbox (2.2222pt too wide) in paragraph at lines 363--370
[]$ $[]$ 
 []

[10 <./hier_3pars_pred.png> <./hier_3pars_rhat.png> <./hier_3pars_dens.png> <./
p06.png>] <sens_1.png, id=102, 2409.0pt x 903.375pt>
File: sens_1.png Graphic file (type png)
 <use sens_1.png>
Package pdftex.def Info: sens_1.png used on input line 410.
(pdftex.def)             Requested size: 369.88582pt x 138.69838pt.
 [11 <./sens_1.png>] <sens_2.png, id=109, 2409.0pt x 903.375pt>
File: sens_2.png Graphic file (type png)
 <use sens_2.png>
Package pdftex.def Info: sens_2.png used on input line 420.
(pdftex.def)             Requested size: 455.24408pt x 170.70569pt.

<sens_3.png, id=110, 2409.0pt x 903.375pt>
File: sens_3.png Graphic file (type png)
 <use sens_3.png>
Package pdftex.def Info: sens_3.png used on input line 425.
(pdftex.def)             Requested size: 455.24408pt x 170.70569pt.

<sens_4.png, id=111, 1204.5pt x 903.375pt>
File: sens_4.png Graphic file (type png)
 <use sens_4.png>
Package pdftex.def Info: sens_4.png used on input line 430.
(pdftex.def)             Requested size: 227.62204pt x 170.70569pt.
 [12 <./sens_2.png> <./sens_3.png> <./sens_4.png>] <sens_pred.png, id=119, 1204
.5pt x 903.375pt>
File: sens_pred.png Graphic file (type png)

<use sens_pred.png>
Package pdftex.def Info: sens_pred.png used on input line 440.
(pdftex.def)             Requested size: 235.73624pt x 176.79839pt.
 <sens_pred2.png, id=120, 1204.5pt x 903.375pt>
File: sens_pred2.png Graphic file (type png)

<use sens_pred2.png>
Package pdftex.def Info: sens_pred2.png used on input line 443.
(pdftex.def)             Requested size: 235.73624pt x 176.79839pt.

Overfull \hbox (17.2222pt too wide) in paragraph at lines 439--445
[]$[]$ $[]$ 
 []

[13 <./sens_pred.png> <./sens_pred2.png>]
<pooled_2pars_trace.png, id=127, 2409.0pt x 903.375pt>
File: pooled_2pars_trace.png Graphic file (type png)

<use pooled_2pars_trace.png>
Package pdftex.def Info: pooled_2pars_trace.png used on input line 462.
(pdftex.def)             Requested size: 455.2152pt x 142.25475pt.

<pooled_2pars_ac.png, id=128, 2409.0pt x 451.6875pt>
File: pooled_2pars_ac.png Graphic file (type png)
 <use pooled_2pars_ac.png>
Package pdftex.def Info: pooled_2pars_ac.png used on input line 467.
(pdftex.def)             Requested size: 455.24408pt x 85.35284pt.

<pooled_3pars_trace.png, id=129, 2409.0pt x 1204.5pt>
File: pooled_3pars_trace.png Graphic file (type png)

<use pooled_3pars_trace.png>
Package pdftex.def Info: pooled_3pars_trace.png used on input line 474.
(pdftex.def)             Requested size: 455.2152pt x 142.25475pt.

<pooled_3pars_ac.png, id=130, 2409.0pt x 451.6875pt>
File: pooled_3pars_ac.png Graphic file (type png)
 <use pooled_3pars_ac.png>
Package pdftex.def Info: pooled_3pars_ac.png used on input line 479.
(pdftex.def)             Requested size: 455.24408pt x 85.35284pt.

<indep_2pars_trace.png, id=131, 2409.0pt x 1505.625pt>
File: indep_2pars_trace.png Graphic file (type png)

<use indep_2pars_trace.png>
Package pdftex.def Info: indep_2pars_trace.png used on input line 487.
(pdftex.def)             Requested size: 455.24408pt x 284.50949pt.
 [14 <./pooled_2pars_trace.png> <./pooled_2pars_ac.png> <./pooled_3pars_trace.p
ng> <./pooled_3pars_ac.png>]
<indep_2pars_ac.png, id=139, 2409.0pt x 903.375pt>
File: indep_2pars_ac.png Graphic file (type png)
 <use indep_2pars_ac.png>
Package pdftex.def Info: indep_2pars_ac.png used on input line 492.
(pdftex.def)             Requested size: 455.24408pt x 170.70569pt.

[15 <./indep_2pars_trace.png> <./indep_2pars_ac.png>]
<indep_3pars_trace.png, id=145, 2409.0pt x 1505.625pt>
File: indep_3pars_trace.png Graphic file (type png)

<use indep_3pars_trace.png>
Package pdftex.def Info: indep_3pars_trace.png used on input line 499.
(pdftex.def)             Requested size: 455.24408pt x 284.50949pt.
 <indep_3pars_ac.png, id=146, 2409.0pt x 903.375pt>
File: indep_3pars_ac.png Graphic file (type png)

<use indep_3pars_ac.png>
Package pdftex.def Info: indep_3pars_ac.png used on input line 504.
(pdftex.def)             Requested size: 455.24408pt x 170.70569pt.
 [16 <./indep_3pars_trace.png> <./indep_3pars_ac.png>]
<hier_2pars_trace.png, id=152, 2409.0pt x 1505.625pt>
File: hier_2pars_trace.png Graphic file (type png)

<use hier_2pars_trace.png>
Package pdftex.def Info: hier_2pars_trace.png used on input line 512.
(pdftex.def)             Requested size: 455.24408pt x 284.50949pt.
 <hier_2pars_ac.png, id=153, 2409.0pt x 903.375pt>
File: hier_2pars_ac.png Graphic file (type png)

<use hier_2pars_ac.png>
Package pdftex.def Info: hier_2pars_ac.png used on input line 517.
(pdftex.def)             Requested size: 455.24408pt x 170.70569pt.
 [17 <./hier_2pars_trace.png> <./hier_2pars_ac.png>]
<hier_3pars_trace.png, id=159, 2409.0pt x 1505.625pt>
File: hier_3pars_trace.png Graphic file (type png)

<use hier_3pars_trace.png>
Package pdftex.def Info: hier_3pars_trace.png used on input line 524.
(pdftex.def)             Requested size: 455.24408pt x 284.50949pt.
 <hier_3pars_ac.png, id=160, 2409.0pt x 903.375pt>
File: hier_3pars_ac.png Graphic file (type png)

<use hier_3pars_ac.png>
Package pdftex.def Info: hier_3pars_ac.png used on input line 529.
(pdftex.def)             Requested size: 455.24408pt x 170.70569pt.
 <residuals.png, id=161, 2409.0pt x 903.375pt>
File: residuals.png Graphic file (type png)

<use residuals.png>
Package pdftex.def Info: residuals.png used on input line 534.
(pdftex.def)             Requested size: 369.88582pt x 138.69838pt.
 [18 <./hier_3pars_trace.png> <./hier_3pars_ac.png> <./residuals.png>]
LaTeX Font Info:    Try loading font information for OML+cmr on input line 543.

 (/usr/local/texlive/2015/texmf-dist/tex/latex/base/omlcmr.fd
File: omlcmr.fd 2014/09/29 v2.5h Standard LaTeX font definitions
)
LaTeX Font Info:    Font shape `OML/cmr/m/n' in size <10> not available
(Font)              Font shape `OML/cmm/m/it' tried instead on input line 543.

[19] [20] [21] [22] [23] (./Report1.bbl) [24] (./Report1.aux) ) 
Here is how much of TeX's memory you used:
 7141 strings out of 493089
 109187 string characters out of 6134842
 257799 words of memory out of 5000000
 10472 multiletter control sequences out of 15000+600000
 13264 words of font info for 52 fonts, out of 8000000 for 9000
 1141 hyphenation exceptions out of 8191
 37i,16n,48p,1114b,2274s stack positions out of 5000i,500n,10000p,200000b,80000s
</usr/local/texl
ive/2015/texmf-dist/fonts/type1/public/amsfonts/cm/cmbx10.pfb></usr/local/texli
ve/2015/texmf-dist/fonts/type1/public/amsfonts/cm/cmbx12.pfb></usr/local/texliv
e/2015/texmf-dist/fonts/type1/public/amsfonts/cm/cmex10.pfb></usr/local/texlive
/2015/texmf-dist/fonts/type1/public/amsfonts/cm/cmmi10.pfb></usr/local/texlive/
2015/texmf-dist/fonts/type1/public/amsfonts/cm/cmmi12.pfb></usr/local/texlive/2
015/texmf-dist/fonts/type1/public/amsfonts/cm/cmmi5.pfb></usr/local/texlive/201
5/texmf-dist/fonts/type1/public/amsfonts/cm/cmmi7.pfb></usr/local/texlive/2015/
texmf-dist/fonts/type1/public/amsfonts/cm/cmmi8.pfb></usr/local/texlive/2015/te
xmf-dist/fonts/type1/public/amsfonts/cm/cmr10.pfb></usr/local/texlive/2015/texm
f-dist/fonts/type1/public/amsfonts/cm/cmr12.pfb></usr/local/texlive/2015/texmf-
dist/fonts/type1/public/amsfonts/cm/cmr17.pfb></usr/local/texlive/2015/texmf-di
st/fonts/type1/public/amsfonts/cm/cmr5.pfb></usr/local/texlive/2015/texmf-dist/
fonts/type1/public/amsfonts/cm/cmr6.pfb></usr/local/texlive/2015/texmf-dist/fon
ts/type1/public/amsfonts/cm/cmr7.pfb></usr/local/texlive/2015/texmf-dist/fonts/
type1/public/amsfonts/cm/cmr8.pfb></usr/local/texlive/2015/texmf-dist/fonts/typ
e1/public/amsfonts/cm/cmsy10.pfb></usr/local/texlive/2015/texmf-dist/fonts/type
1/public/amsfonts/cm/cmsy7.pfb></usr/local/texlive/2015/texmf-dist/fonts/type1/
public/amsfonts/cm/cmti10.pfb></usr/local/texlive/2015/texmf-dist/fonts/type1/p
ublic/amsfonts/cm/cmtt10.pfb>
Output written on Report1.pdf (24 pages, 4534095 bytes).
PDF statistics:
 249 PDF objects out of 1000 (max. 8388607)
 112 compressed objects within 2 object streams
 0 named destinations out of 1000 (max. 500000)
 226 words of extra memory for PDF output out of 10000 (max. 10000000)

